<?xml version="1.0" encoding="UTF-8"?>
<testng-results ignored="0" total="1" passed="1" failed="0" skipped="0">
  <reporter-output>
  </reporter-output>
  <suite started-at="2021-07-26T11:39:55 IST" name="Default suite" finished-at="2021-07-26T11:40:10 IST" duration-ms="15255">
    <groups>
    </groups>
    <test started-at="2021-07-26T11:39:55 IST" name="Default test" finished-at="2021-07-26T11:40:10 IST" duration-ms="15255">
      <class name="com.vfislk.test.TestLogin">
        <test-method signature="validCredential()[pri:0, instance:com.vfislk.test.TestLogin@7ea9e1e2]" started-at="2021-07-26T11:39:55 IST" name="validCredential" finished-at="2021-07-26T11:40:10 IST" duration-ms="15183" status="PASS">
          <reporter-output>
          </reporter-output>
        </test-method> <!-- validCredential -->
      </class> <!-- com.vfislk.test.TestLogin -->
    </test> <!-- Default test -->
  </suite> <!-- Default suite -->
</testng-results>
